<?xml version="1.0" encoding="UTF-8"?>
<!-- Generated by org.testng.reporters.JUnitXMLReporter -->
<testsuite ignored="2" hostname="LAPTOP-MS0558FU" failures="3" tests="3" name="Command line test" time="21.524" errors="0" timestamp="2020-05-04T16:41:58 CEST">
  <testcase classname="tests.DeanAuthoritiesListTest" name="downloadDeanAuthoritieslist" time="1.525">
    <failure type="java.lang.AssertionError" message="expected [WydziaĹ‚ ZarzÄ…dzania Uniwersytet GdaĹ„ski] but found [Wydział Zarządzania Uniwersytet Gdański]">
      <![CDATA[java.lang.AssertionError: expected [WydziaĹ‚ ZarzÄ…dzania Uniwersytet GdaĹ„ski] but found [Wydział Zarządzania Uniwersytet Gdański]
at tests.DeanAuthoritiesListTest.downloadDeanAuthoritieslist(DeanAuthoritiesListTest.java:17)
at java.base/java.util.ArrayList.forEach(ArrayList.java:1507)
... Removed 42 stack frames]]>
    </failure>
  </testcase> <!-- downloadDeanAuthoritieslist -->
  <testcase classname="tests.OnlineClassScheduleTest" name="selectGroupSchedule" time="0.002">
    <failure type="java.lang.NullPointerException">
      <![CDATA[java.lang.NullPointerException
at tests.OnlineClassScheduleTest.selectGroupSchedule(OnlineClassScheduleTest.java:26)
at java.base/java.util.ArrayList.forEach(ArrayList.java:1507)
... Removed 37 stack frames]]>
    </failure>
  </testcase> <!-- selectGroupSchedule -->
  <testcase classname="tests.OnlineClassScheduleTest" name="selectGroupScheduleSecondTest" time="0.0">
    <failure type="java.lang.NullPointerException">
      <![CDATA[java.lang.NullPointerException
at tests.OnlineClassScheduleTest.selectGroupScheduleSecondTest(OnlineClassScheduleTest.java:39)
at java.base/java.util.ArrayList.forEach(ArrayList.java:1507)
... Removed 37 stack frames]]>
    </failure>
  </testcase> <!-- selectGroupScheduleSecondTest -->
  <testcase classname="tests.BaseSeleniumTest" name="@BeforeTest setUpReporter" time="0.0">
    <ignored/>
  </testcase> <!-- @BeforeTest setUpReporter -->
  <testcase classname="tests.BaseSeleniumTest" name="@AfterTest tearDownReporter" time="0.0">
    <ignored/>
  </testcase> <!-- @AfterTest tearDownReporter -->
</testsuite> <!-- Command line test -->
